<?xml version='1.0' encoding='UTF-8'?>
<testsuite hostname="MBP15-X0LELVDQ" name="pdt.client.OrgaosSpec" tests="1" errors="0" failures="1" skipped="0" time="0.0" timestamp="2020-04-01T16:57:49">
                     <properties>
[...]
</properties>
                     <testcase classname="pdt.client.OrgaosSpec" name="siafi" time="0.0">
                                                 <failure message="No Exception or message provided"/>
                                               </testcase>
                     <system-out><![CDATA[]]></system-out>
                     <system-err><![CDATA[]]></system-err>
                   </testsuite>